{"/home/dm/creations/node/searchability/src/index.ts": {"path":"/home/dm/creations/node/searchability/src/index.ts","statementMap":{"0":{"start":{"line":1,"column":0},"end":{"line":1,"column":9}},"1":{"start":{"line":3,"column":9},"end":{"line":1,"column":29}},"2":{"start":{"line":3,"column":17},"end":{"line":1,"column":65}}},"fnMap":{"0":{"name":"(anonymous_0)","decl":{"start":{"line":3,"column":9},"end":{"line":3,"column":15}},"loc":{"start":{"line":3,"column":9},"end":{"line":1,"column":29}}},"1":{"name":"(anonymous_1)","decl":{"start":{"line":3,"column":17},"end":{"line":3,"column":27}},"loc":{"start":{"line":3,"column":17},"end":{"line":1,"column":65}}}},"branchMap":{},"s":{"0":1,"1":10,"2":7},"f":{"0":9,"1":6},"b":{}}
,"/home/dm/creations/node/searchability/src/searchability.ts": {"path":"/home/dm/creations/node/searchability/src/searchability.ts","statementMap":{"0":{"start":{"line":1,"column":0},"end":{"line":1,"column":null}},"1":{"start":{"line":2,"column":2},"end":{"line":2,"column":null}},"2":{"start":{"line":3,"column":2},"end":{"line":3,"column":null}},"3":{"start":{"line":4,"column":2},"end":{"line":4,"column":null}},"4":{"start":{"line":12,"column":13},"end":{"line":36,"column":2}},"5":{"start":{"line":17,"column":24},"end":{"line":17,"column":29}},"6":{"start":{"line":18,"column":2},"end":{"line":34,"column":null}},"7":{"start":{"line":19,"column":4},"end":{"line":33,"column":null}},"8":{"start":{"line":21,"column":8},"end":{"line":21,"column":68}},"9":{"start":{"line":22,"column":8},"end":{"line":22,"column":14}},"10":{"start":{"line":24,"column":8},"end":{"line":24,"column":68}},"11":{"start":{"line":25,"column":8},"end":{"line":25,"column":14}},"12":{"start":{"line":27,"column":8},"end":{"line":27,"column":70}},"13":{"start":{"line":28,"column":8},"end":{"line":28,"column":14}},"14":{"start":{"line":31,"column":8},"end":{"line":31,"column":52}},"15":{"start":{"line":32,"column":8},"end":{"line":32,"column":14}},"16":{"start":{"line":35,"column":2},"end":{"line":35,"column":16}}},"fnMap":{"0":{"name":"(anonymous_0)","decl":{"start":{"line":1,"column":0},"end":{"line":1,"column":12}},"loc":{"start":{"line":1,"column":22},"end":{"line":5,"column":1}}},"1":{"name":"(anonymous_1)","decl":{"start":{"line":12,"column":22},"end":{"line":12,"column":null}},"loc":{"start":{"line":16,"column":13},"end":{"line":36,"column":1}}}},"branchMap":{"0":{"loc":{"start":{"line":1,"column":12},"end":{"line":1,"column":22}},"type":"binary-expr","locations":[{"start":{"line":1,"column":12},"end":{"line":1,"column":22}},{"start":{"line":1,"column":12},"end":{"line":1,"column":null}}]},"1":{"loc":{"start":{"line":18,"column":2},"end":{"line":34,"column":null}},"type":"if","locations":[{"start":{"line":18,"column":2},"end":{"line":34,"column":null}},{"start":{"line":18,"column":2},"end":{"line":34,"column":null}}]},"2":{"loc":{"start":{"line":20,"column":6},"end":{"line":22,"column":14}},"type":"switch","locations":[{"start":{"line":20,"column":6},"end":{"line":22,"column":14}},{"start":{"line":23,"column":6},"end":{"line":25,"column":14}},{"start":{"line":26,"column":6},"end":{"line":28,"column":14}},{"start":{"line":29,"column":6},"end":{"line":32,"column":14}}]}},"s":{"0":1,"1":1,"2":1,"3":1,"4":1,"5":9,"6":9,"7":8,"8":2,"9":2,"10":2,"11":2,"12":2,"13":2,"14":2,"15":2,"16":9},"f":{"0":1,"1":9},"b":{"0":[1,1],"1":[8,1],"2":[2,2,2,2]}}
}
