TN:
SF:/home/dm/creations/node/searchability/src/index.ts
FN:3,(anonymous_0)
FN:3,(anonymous_1)
FNF:2
FNH:2
FNDA:9,(anonymous_0)
FNDA:6,(anonymous_1)
DA:1,1
DA:3,10
LF:2
LH:2
BRF:0
BRH:0
end_of_record
TN:
SF:/home/dm/creations/node/searchability/src/searchability.ts
FN:1,(anonymous_0)
FN:12,(anonymous_1)
FNF:2
FNH:2
FNDA:1,(anonymous_0)
FNDA:9,(anonymous_1)
DA:1,1
DA:2,1
DA:3,1
DA:4,1
DA:12,1
DA:17,9
DA:18,9
DA:19,8
DA:21,2
DA:22,2
DA:24,2
DA:25,2
DA:27,2
DA:28,2
DA:31,2
DA:32,2
DA:35,9
LF:17
LH:17
BRDA:1,0,0,1
BRDA:1,0,1,1
BRDA:18,1,0,8
BRDA:18,1,1,1
BRDA:20,2,0,2
BRDA:20,2,1,2
BRDA:20,2,2,2
BRDA:20,2,3,2
BRF:8
BRH:8
end_of_record
